#
# There is insufficient memory for the Java Runtime Environment to continue.
# Native memory allocation (mmap) failed to map 65536 bytes for Failed to commit metaspace.
# Possible reasons:
#   The system is out of physical RAM or swap space
#   The process is running with CompressedOops enabled, and the Java Heap may be blocking the growth of the native heap
# Possible solutions:
#   Reduce memory load on the system
#   Increase physical memory or swap space
#   Check if swap backing store is full
#   Decrease Java heap size (-Xmx/-Xms)
#   Decrease number of Java threads
#   Decrease Java thread stack sizes (-Xss)
#   Set larger code cache with -XX:ReservedCodeCacheSize=
#   JVM is running with Zero Based Compressed Oops mode in which the Java heap is
#     placed in the first 32GB address space. The Java Heap base address is the
#     maximum limit for the native heap growth. Please use -XX:HeapBaseMinAddress
#     to set the Java Heap base and to place the Java Heap above 32GB virtual address.
# This output file may be truncated or incomplete.
#
#  Out of Memory Error (virtualSpaceNode.cpp:110), pid=14396, tid=18904
#
# JRE version: Java(TM) SE Runtime Environment (17.0.12+8) (build 17.0.12+8-LTS-286)
# Java VM: Java HotSpot(TM) 64-Bit Server VM (17.0.12+8-LTS-286, mixed mode, emulated-client, sharing, tiered, compressed oops, compressed class ptrs, g1 gc, windows-amd64)
# No core dump will be written. Minidumps are not enabled by default on client versions of Windows
#

---------------  S U M M A R Y ------------

Command Line: -XX:TieredStopAtLevel=1 -Dspring.output.ansi.enabled=always -Dcom.sun.management.jmxremote -Dspring.jmx.enabled=true -Dspring.liveBeansView.mbeanDomain -Dspring.application.admin.enabled=true -Dmanagement.endpoints.jmx.exposure.include=* -javaagent:C:\Program Files\JetBrains\IntelliJ IDEA 2025.3.4\lib\idea_rt.jar=55440 -Dfile.encoding=UTF-8 com.bankingservice.customer_service.CustomerServiceApplication

Host: 11th Gen Intel(R) Core(TM) i5-1145G7 @ 2.60GHz, 8 cores, 15G,  Windows 11 , 64 bit Build 26100 (10.0.26100.7920)
Time: Wed Mar 25 12:20:45 2026 India Standard Time elapsed time: 8.487915 seconds (0d 0h 0m 8s)

---------------  T H R E A D  ---------------

Current thread (0x000001a906093130):  JavaThread "main" [_thread_in_vm, id=18904, stack(0x0000000ebd500000,0x0000000ebd600000)]

Stack: [0x0000000ebd500000,0x0000000ebd600000]
Native frames: (J=compiled Java code, j=interpreted, Vv=VM code, C=native code)
V  [jvm.dll+0x67a04a]
V  [jvm.dll+0x7da4ed]
V  [jvm.dll+0x7dbe33]
V  [jvm.dll+0x7dc4a3]
V  [jvm.dll+0x24508f]
V  [jvm.dll+0x7d60bb]
V  [jvm.dll+0x6206c6]
V  [jvm.dll+0x1bed07]
V  [jvm.dll+0x623022]
V  [jvm.dll+0x621086]
V  [jvm.dll+0x23a821]
V  [jvm.dll+0x1e8e87]
V  [jvm.dll+0x1dea41]
V  [jvm.dll+0x53f78c]
V  [jvm.dll+0x7553b8]
V  [jvm.dll+0x7554a4]
V  [jvm.dll+0x40d1af]
V  [jvm.dll+0x413c39]
C  [java.dll+0x17ec]

Java frames: (J=compiled Java code, j=interpreted, Vv=VM code)
J 1251  java.lang.ClassLoader.defineClass1(Ljava/lang/ClassLoader;Ljava/lang/String;[BIILjava/security/ProtectionDomain;Ljava/lang/String;)Ljava/lang/Class; java.base@17.0.12 (0 bytes) @ 0x000001a90f3189e3 [0x000001a90f318920+0x00000000000000c3]
J 1275 c1 java.lang.ClassLoader.defineClass(Ljava/lang/String;[BIILjava/security/ProtectionDomain;)Ljava/lang/Class; java.base@17.0.12 (43 bytes) @ 0x000001a90f324aec [0x000001a90f3249e0+0x000000000000010c]
J 1276 c1 jdk.internal.loader.BuiltinClassLoader.defineClass(Ljava/lang/String;Ljdk/internal/loader/Resource;)Ljava/lang/Class; java.base@17.0.12 (121 bytes) @ 0x000001a90f326274 [0x000001a90f325da0+0x00000000000004d4]
J 1272 c1 jdk.internal.loader.BuiltinClassLoader.findClassOnClassPathOrNull(Ljava/lang/String;)Ljava/lang/Class; java.base@17.0.12 (64 bytes) @ 0x000001a90f323c44 [0x000001a90f323980+0x00000000000002c4]
J 1080 c1 jdk.internal.loader.BuiltinClassLoader.loadClassOrNull(Ljava/lang/String;Z)Ljava/lang/Class; java.base@17.0.12 (143 bytes) @ 0x000001a90f2cc184 [0x000001a90f2cbd00+0x0000000000000484]
J 1174 c1 jdk.internal.loader.ClassLoaders$AppClassLoader.loadClass(Ljava/lang/String;Z)Ljava/lang/Class; java.base@17.0.12 (40 bytes) @ 0x000001a90f2f742c [0x000001a90f2f72e0+0x000000000000014c]
J 1149 c1 java.lang.ClassLoader.loadClass(Ljava/lang/String;)Ljava/lang/Class; java.base@17.0.12 (7 bytes) @ 0x000001a90f2eb664 [0x000001a90f2eb620+0x0000000000000044]
v  ~StubRoutines::call_stub
j  org.springframework.core.ReactiveAdapterRegistry$ReactorRegistrar.registerAdapters(Lorg/springframework/core/ReactiveAdapterRegistry;)V+3
j  org.springframework.core.ReactiveAdapterRegistry.<init>()V+36
j  org.springframework.core.ReactiveAdapterRegistry.getSharedInstance()Lorg/springframework/core/ReactiveAdapterRegistry;+25
j  org.springframework.web.servlet.mvc.method.annotation.RequestMappingHandlerAdapter.<init>()V+77
j  org.springframework.web.servlet.config.annotation.WebMvcConfigurationSupport.createRequestMappingHandlerAdapter()Lorg/springframework/web/servlet/mvc/method/annotation/RequestMappingHandlerAdapter;+4
j  org.springframework.boot.webmvc.autoconfigure.WebMvcAutoConfiguration$EnableWebMvcConfiguration.createRequestMappingHandlerAdapter()Lorg/springframework/web/servlet/mvc/method/annotation/RequestMappingHandlerAdapter;+24
j  org.springframework.web.servlet.config.annotation.WebMvcConfigurationSupport.requestMappingHandlerAdapter(Lorg/springframework/web/accept/ContentNegotiationManager;Lorg/springframework/format/support/FormattingConversionService;Lorg/springframework/validation/Validator;)Lorg/springframework/web/servlet/mvc/method/annotation/RequestMappingHandlerAdapter;+1
v  ~StubRoutines::call_stub
J 3984  jdk.internal.reflect.NativeMethodAccessorImpl.invoke0(Ljava/lang/reflect/Method;Ljava/lang/Object;[Ljava/lang/Object;)Ljava/lang/Object; java.base@17.0.12 (0 bytes) @ 0x000001a90f80a1a7 [0x000001a90f80a120+0x0000000000000087]
J 3983 c1 jdk.internal.reflect.NativeMethodAccessorImpl.invoke(Ljava/lang/Object;[Ljava/lang/Object;)Ljava/lang/Object; java.base@17.0.12 (137 bytes) @ 0x000001a90f80be4c [0x000001a90f80bb00+0x000000000000034c]
J 2660 c1 jdk.internal.reflect.DelegatingMethodAccessorImpl.invoke(Ljava/lang/Object;[Ljava/lang/Object;)Ljava/lang/Object; java.base@17.0.12 (10 bytes) @ 0x000001a90f0f2f64 [0x000001a90f0f2f20+0x0000000000000044]
J 2682 c1 java.lang.reflect.Method.invoke(Ljava/lang/Object;[Ljava/lang/Object;)Ljava/lang/Object; java.base@17.0.12 (65 bytes) @ 0x000001a90f0e8cec [0x000001a90f0e8be0+0x000000000000010c]
j  org.springframework.beans.factory.support.SimpleInstantiationStrategy.lambda$instantiate$0(Ljava/lang/reflect/Method;Ljava/lang/Object;[Ljava/lang/Object;Lorg/springframework/beans/factory/support/RootBeanDefinition;Lorg/springframework/beans/factory/BeanFactory;)Ljava/lang/Object;+7
j  org.springframework.beans.factory.support.SimpleInstantiationStrategy$$Lambda$700+0x000001a92043e708.get()Ljava/lang/Object;+20
j  org.springframework.beans.factory.support.SimpleInstantiationStrategy.instantiateWithFactoryMethod(Ljava/lang/reflect/Method;Ljava/util/function/Supplier;)Ljava/lang/Object;+18
j  org.springframework.beans.factory.support.SimpleInstantiationStrategy.instantiate(Lorg/springframework/beans/factory/support/RootBeanDefinition;Ljava/lang/String;Lorg/springframework/beans/factory/BeanFactory;Ljava/lang/Object;Ljava/lang/reflect/Method;[Ljava/lang/Object;)Ljava/lang/Object;+15
j  org.springframework.beans.factory.support.ConstructorResolver.instantiate(Ljava/lang/String;Lorg/springframework/beans/factory/support/RootBeanDefinition;Ljava/lang/Object;Ljava/lang/reflect/Method;[Ljava/lang/Object;)Ljava/lang/Object;+18
j  org.springframework.beans.factory.support.ConstructorResolver.instantiateUsingFactoryMethod(Ljava/lang/String;Lorg/springframework/beans/factory/support/RootBeanDefinition;[Ljava/lang/Object;)Lorg/springframework/beans/BeanWrapper;+1478
j  org.springframework.beans.factory.support.AbstractAutowireCapableBeanFactory.instantiateUsingFactoryMethod(Ljava/lang/String;Lorg/springframework/beans/factory/support/RootBeanDefinition;[Ljava/lang/Object;)Lorg/springframework/beans/BeanWrapper;+11
j  org.springframework.beans.factory.support.AbstractAutowireCapableBeanFactory.createBeanInstance(Ljava/lang/String;Lorg/springframework/beans/factory/support/RootBeanDefinition;[Ljava/lang/Object;)Lorg/springframework/beans/BeanWrapper;+93
j  org.springframework.beans.factory.support.AbstractAutowireCapableBeanFactory.doCreateBean(Ljava/lang/String;Lorg/springframework/beans/factory/support/RootBeanDefinition;[Ljava/lang/Object;)Ljava/lang/Object;+34
j  org.springframework.beans.factory.support.AbstractAutowireCapableBeanFactory.createBean(Ljava/lang/String;Lorg/springframework/beans/factory/support/RootBeanDefinition;[Ljava/lang/Object;)Ljava/lang/Object;+153
j  org.springframework.beans.factory.support.AbstractBeanFactory.lambda$doGetBean$0(Ljava/lang/String;Lorg/springframework/beans/factory/support/RootBeanDefinition;[Ljava/lang/Object;)Ljava/lang/Object;+4
j  org.springframework.beans.factory.support.AbstractBeanFactory$$Lambda$582+0x000001a9203504d0.getObject()Ljava/lang/Object;+16
j  org.springframework.beans.factory.support.DefaultSingletonBeanRegistry.getSingleton(Ljava/lang/String;Lorg/springframework/beans/factory/ObjectFactory;)Ljava/lang/Object;+897
J 3386 c1 org.springframework.beans.factory.support.AbstractBeanFactory.doGetBean(Ljava/lang/String;Ljava/lang/Class;[Ljava/lang/Object;Z)Ljava/lang/Object; (791 bytes) @ 0x000001a90f5f5b44 [0x000001a90f5f54c0+0x0000000000000684]
j  org.springframework.beans.factory.support.AbstractBeanFactory.getBean(Ljava/lang/String;)Ljava/lang/Object;+5
j  org.springframework.beans.factory.support.DefaultListableBeanFactory.instantiateSingleton(Ljava/lang/String;)V+51
j  org.springframework.beans.factory.support.DefaultListableBeanFactory.preInstantiateSingleton(Ljava/lang/String;Lorg/springframework/beans/factory/support/RootBeanDefinition;)Ljava/util/concurrent/CompletableFuture;+141
j  org.springframework.beans.factory.support.DefaultListableBeanFactory.preInstantiateSingletons()V+130
j  org.springframework.context.support.AbstractApplicationContext.finishBeanFactoryInitialization(Lorg/springframework/beans/factory/config/ConfigurableListableBeanFactory;)V+290
j  org.springframework.context.support.AbstractApplicationContext.refresh()V+94
j  org.springframework.boot.web.server.servlet.context.ServletWebServerApplicationContext.refresh()V+1
j  org.springframework.boot.SpringApplication.refresh(Lorg/springframework/context/ConfigurableApplicationContext;)V+1
j  org.springframework.boot.SpringApplication.refreshContext(Lorg/springframework/context/ConfigurableApplicationContext;)V+19
j  org.springframework.boot.SpringApplication.run([Ljava/lang/String;)Lorg/springframework/context/ConfigurableApplicationContext;+113
j  org.springframework.boot.SpringApplication.run([Ljava/lang/Class;[Ljava/lang/String;)Lorg/springframework/context/ConfigurableApplicationContext;+9
j  org.springframework.boot.SpringApplication.run(Ljava/lang/Class;[Ljava/lang/String;)Lorg/springframework/context/ConfigurableApplicationContext;+9
j  com.bankingservice.customer_service.CustomerServiceApplication.main([Ljava/lang/String;)V+3
v  ~StubRoutines::call_stub

---------------  P R O C E S S  ---------------

Threads class SMR info:
_java_thread_list=0x000001a965c94ef0, length=23, elements={
0x000001a906093130, 0x000001a91e56fed0, 0x000001a91e570890, 0x000001a91e695be0,
0x000001a91e6978c0, 0x000001a91e698280, 0x000001a91e6993e0, 0x000001a91e699e50,
0x000001a91e6a2a60, 0x000001a91e55cce0, 0x000001a9642cee10, 0x000001a9642cf2f0,
0x000001a96449adc0, 0x000001a9645acb60, 0x000001a96460ec20, 0x000001a9645e9f80,
0x000001a9651e2ee0, 0x000001a964a3cf80, 0x000001a965981060, 0x000001a965981580,
0x000001a964a3ca70, 0x000001a965d90170, 0x000001a965d90680
}

Java Threads: ( => current thread )
=>0x000001a906093130 JavaThread "main" [_thread_in_vm, id=18904, stack(0x0000000ebd500000,0x0000000ebd600000)]
  0x000001a91e56fed0 JavaThread "Reference Handler" daemon [_thread_blocked, id=19228, stack(0x0000000ebdc00000,0x0000000ebdd00000)]
  0x000001a91e570890 JavaThread "Finalizer" daemon [_thread_blocked, id=21788, stack(0x0000000ebdd00000,0x0000000ebde00000)]
  0x000001a91e695be0 JavaThread "Signal Dispatcher" daemon [_thread_blocked, id=3316, stack(0x0000000ebde00000,0x0000000ebdf00000)]
  0x000001a91e6978c0 JavaThread "Attach Listener" daemon [_thread_blocked, id=19624, stack(0x0000000ebdf00000,0x0000000ebe000000)]
  0x000001a91e698280 JavaThread "Service Thread" daemon [_thread_blocked, id=13272, stack(0x0000000ebe000000,0x0000000ebe100000)]
  0x000001a91e6993e0 JavaThread "Monitor Deflation Thread" daemon [_thread_blocked, id=16816, stack(0x0000000ebe100000,0x0000000ebe200000)]
  0x000001a91e699e50 JavaThread "C1 CompilerThread0" daemon [_thread_blocked, id=22652, stack(0x0000000ebe200000,0x0000000ebe300000)]
  0x000001a91e6a2a60 JavaThread "Sweeper thread" daemon [_thread_blocked, id=17804, stack(0x0000000ebe300000,0x0000000ebe400000)]
  0x000001a91e55cce0 JavaThread "Common-Cleaner" daemon [_thread_blocked, id=19572, stack(0x0000000ebe400000,0x0000000ebe500000)]
  0x000001a9642cee10 JavaThread "Monitor Ctrl-Break" daemon [_thread_in_native, id=8932, stack(0x0000000ebe700000,0x0000000ebe800000)]
  0x000001a9642cf2f0 JavaThread "Notification Thread" daemon [_thread_blocked, id=14420, stack(0x0000000ebe800000,0x0000000ebe900000)]
  0x000001a96449adc0 JavaThread "RMI TCP Accept-0" daemon [_thread_in_native, id=12888, stack(0x0000000ebe900000,0x0000000ebea00000)]
  0x000001a9645acb60 JavaThread "RMI TCP Connection(1)-192.168.29.231" daemon [_thread_in_native, id=16860, stack(0x0000000ebea00000,0x0000000ebeb00000)]
  0x000001a96460ec20 JavaThread "RMI Scheduler(0)" daemon [_thread_blocked, id=8332, stack(0x0000000ebec00000,0x0000000ebed00000)]
  0x000001a9645e9f80 JavaThread "JMX server connection timeout 20" daemon [_thread_blocked, id=11872, stack(0x0000000ebed00000,0x0000000ebee00000)]
  0x000001a9651e2ee0 JavaThread "C1 CompilerThread1" daemon [_thread_blocked, id=9188, stack(0x0000000ebe500000,0x0000000ebe600000)]
  0x000001a964a3cf80 JavaThread "RMI TCP Connection(2)-192.168.29.231" daemon [_thread_in_native, id=21696, stack(0x0000000ebe600000,0x0000000ebe700000)]
  0x000001a965981060 JavaThread "C1 CompilerThread2" daemon [_thread_blocked, id=5256, stack(0x0000000ebf800000,0x0000000ebf900000)]
  0x000001a965981580 JavaThread "C1 CompilerThread3" daemon [_thread_blocked, id=6956, stack(0x0000000ebfa00000,0x0000000ebfb00000)]
  0x000001a964a3ca70 JavaThread "Catalina-utility-1" [_thread_blocked, id=11860, stack(0x0000000ebfb00000,0x0000000ebfc00000)]
  0x000001a965d90170 JavaThread "Catalina-utility-2" [_thread_blocked, id=15432, stack(0x0000000ebfc00000,0x0000000ebfd00000)]
  0x000001a965d90680 JavaThread "container-0" [_thread_blocked, id=15784, stack(0x0000000ebfd00000,0x0000000ebfe00000)]

Other Threads:
  0x000001a91e56bd90 VMThread "VM Thread" [stack: 0x0000000ebdb00000,0x0000000ebdc00000] [id=20436]
  0x000001a90611a440 WatcherThread [stack: 0x0000000ebeb00000,0x0000000ebec00000] [id=5008]
  0x000001a9060fd7f0 GCTaskThread "GC Thread#0" [stack: 0x0000000ebd600000,0x0000000ebd700000] [id=18064]
  0x000001a9647fd1f0 GCTaskThread "GC Thread#1" [stack: 0x0000000ebee00000,0x0000000ebef00000] [id=18120]
  0x000001a9647fd860 GCTaskThread "GC Thread#2" [stack: 0x0000000ebef00000,0x0000000ebf000000] [id=15744]
  0x000001a9647fdb20 GCTaskThread "GC Thread#3" [stack: 0x0000000ebf000000,0x0000000ebf100000] [id=17968]
  0x000001a9647fd4b0 GCTaskThread "GC Thread#4" [stack: 0x0000000ebf100000,0x0000000ebf200000] [id=8068]
  0x000001a9648876d0 GCTaskThread "GC Thread#5" [stack: 0x0000000ebf200000,0x0000000ebf300000] [id=20808]
  0x000001a9648881a0 GCTaskThread "GC Thread#6" [stack: 0x0000000ebf300000,0x0000000ebf400000] [id=20456]
  0x000001a964888460 GCTaskThread "GC Thread#7" [stack: 0x0000000ebf400000,0x0000000ebf500000] [id=17956]
  0x000001a90610dd90 ConcurrentGCThread "G1 Main Marker" [stack: 0x0000000ebd700000,0x0000000ebd800000] [id=17076]
  0x000001a906112390 ConcurrentGCThread "G1 Conc#0" [stack: 0x0000000ebd800000,0x0000000ebd900000] [id=8688]
  0x000001a96537a030 ConcurrentGCThread "G1 Conc#1" [stack: 0x0000000ebf900000,0x0000000ebfa00000] [id=15356]
  0x000001a90614ec60 ConcurrentGCThread "G1 Refine#0" [stack: 0x0000000ebd900000,0x0000000ebda00000] [id=1324]
  0x000001a964888720 ConcurrentGCThread "G1 Refine#1" [stack: 0x0000000ebf500000,0x0000000ebf600000] [id=17268]
  0x000001a964b4ccf0 ConcurrentGCThread "G1 Refine#2" [stack: 0x0000000ebf600000,0x0000000ebf700000] [id=22680]
  0x000001a964859e00 ConcurrentGCThread "G1 Refine#3" [stack: 0x0000000ebf700000,0x0000000ebf800000] [id=17732]
  0x000001a91e421640 ConcurrentGCThread "G1 Service" [stack: 0x0000000ebda00000,0x0000000ebdb00000] [id=19352]

Threads with active compile tasks:

VM state: not at safepoint (normal execution)

VM Mutex/Monitor currently owned by a thread:  ([mutex/lock_event])
[0x000001a90608fe50] Metaspace_lock - owner thread: 0x000001a906093130

Heap address: 0x0000000709a00000, size: 3942 MB, Compressed Oops mode: Zero based, Oop shift amount: 3

CDS archive(s) mapped at: [0x000001a91f000000-0x000001a91fbd0000-0x000001a91fbd0000), size 12386304, SharedBaseAddress: 0x000001a91f000000, ArchiveRelocationMode: 1.
Compressed class space mapped at: 0x000001a920000000-0x000001a960000000, reserved size: 1073741824
Narrow klass base: 0x000001a91f000000, Narrow klass shift: 0, Narrow klass range: 0x100000000

GC Precious Log:
 CPUs: 8 total, 8 available
 Memory: 15761M
 Large Page Support: Disabled
 NUMA Support: Disabled
 Compressed Oops: Enabled (Zero based)
 Heap Region Size: 2M
 Heap Min Capacity: 8M
 Heap Initial Capacity: 248M
 Heap Max Capacity: 3942M
 Pre-touch: Disabled
 Parallel Workers: 8
 Concurrent Workers: 2
 Concurrent Refinement Workers: 8
 Periodic GC: Disabled

Heap:
 garbage-first heap   total 102400K, used 33968K [0x0000000709a00000, 0x0000000800000000)
  region size 2048K, 7 young (14336K), 4 survivors (8192K)
 Metaspace       used 40242K, committed 40832K, reserved 1114112K
  class space    used 5589K, committed 5888K, reserved 1048576K

Heap Regions: E=young(eden), S=young(survivor), O=old, HS=humongous(starts), HC=humongous(continues), CS=collection set, F=free, OA=open archive, CA=closed archive, TAMS=top-at-mark-start (previous, next)
|   0|0x0000000709a00000, 0x0000000709c00000, 0x0000000709c00000|100%| O|  |TAMS 0x0000000709c00000, 0x0000000709a00000| Untracked 
|   1|0x0000000709c00000, 0x0000000709e00000, 0x0000000709e00000|100%| O|  |TAMS 0x0000000709e00000, 0x0000000709c00000| Untracked 
|   2|0x0000000709e00000, 0x000000070a000000, 0x000000070a000000|100%| O|  |TAMS 0x000000070a000000, 0x0000000709e00000| Untracked 
|   3|0x000000070a000000, 0x000000070a200000, 0x000000070a200000|100%| O|  |TAMS 0x000000070a200000, 0x000000070a000000| Untracked 
|   4|0x000000070a200000, 0x000000070a200000, 0x000000070a400000|  0%| F|  |TAMS 0x000000070a200000, 0x000000070a200000| Untracked 
|   5|0x000000070a400000, 0x000000070a600000, 0x000000070a600000|100%| O|  |TAMS 0x000000070a600000, 0x000000070a400000| Untracked 
|   6|0x000000070a600000, 0x000000070a600000, 0x000000070a800000|  0%| F|  |TAMS 0x000000070a600000, 0x000000070a600000| Untracked 
|   7|0x000000070a800000, 0x000000070aa00000, 0x000000070aa00000|100%| O|  |TAMS 0x000000070aa00000, 0x000000070a800000| Untracked 
|   8|0x000000070aa00000, 0x000000070abedc00, 0x000000070ac00000| 96%| O|  |TAMS 0x000000070abedc00, 0x000000070aa00000| Untracked 
|   9|0x000000070ac00000, 0x000000070ae00000, 0x000000070ae00000|100%| O|  |TAMS 0x000000070ae00000, 0x000000070ac00000| Untracked 
|  10|0x000000070ae00000, 0x000000070b000000, 0x000000070b000000|100%| O|  |TAMS 0x000000070b000000, 0x000000070ae00000| Untracked 
|  11|0x000000070b000000, 0x000000070b000000, 0x000000070b200000|  0%| F|  |TAMS 0x000000070b000000, 0x000000070b000000| Untracked 
|  12|0x000000070b200000, 0x000000070b200000, 0x000000070b400000|  0%| F|  |TAMS 0x000000070b200000, 0x000000070b200000| Untracked 
|  13|0x000000070b400000, 0x000000070b400000, 0x000000070b600000|  0%| F|  |TAMS 0x000000070b400000, 0x000000070b400000| Untracked 
|  14|0x000000070b600000, 0x000000070b7441b0, 0x000000070b800000| 63%| S|CS|TAMS 0x000000070b600000, 0x000000070b600000| Complete 
|  15|0x000000070b800000, 0x000000070ba00000, 0x000000070ba00000|100%| O|  |TAMS 0x000000070ba00000, 0x000000070b800000| Untracked 
|  16|0x000000070ba00000, 0x000000070bbfa400, 0x000000070bc00000| 98%| O|  |TAMS 0x000000070bbfa400, 0x000000070ba00000| Untracked 
|  17|0x000000070bc00000, 0x000000070be00000, 0x000000070be00000|100%| S|CS|TAMS 0x000000070bc00000, 0x000000070bc00000| Complete 
|  18|0x000000070be00000, 0x000000070c000000, 0x000000070c000000|100%| S|CS|TAMS 0x000000070be00000, 0x000000070be00000| Complete 
|  19|0x000000070c000000, 0x000000070c200000, 0x000000070c200000|100%| S|CS|TAMS 0x000000070c000000, 0x000000070c000000| Complete 
|  20|0x000000070c200000, 0x000000070c200000, 0x000000070c400000|  0%| F|  |TAMS 0x000000070c200000, 0x000000070c200000| Untracked 
|  21|0x000000070c400000, 0x000000070c400000, 0x000000070c600000|  0%| F|  |TAMS 0x000000070c400000, 0x000000070c400000| Untracked 
|  22|0x000000070c600000, 0x000000070c600000, 0x000000070c800000|  0%| F|  |TAMS 0x000000070c600000, 0x000000070c600000| Untracked 
|  23|0x000000070c800000, 0x000000070c800000, 0x000000070ca00000|  0%| F|  |TAMS 0x000000070c800000, 0x000000070c800000| Untracked 
|  24|0x000000070ca00000, 0x000000070ca00000, 0x000000070cc00000|  0%| F|  |TAMS 0x000000070ca00000, 0x000000070ca00000| Untracked 
|  25|0x000000070cc00000, 0x000000070cc00000, 0x000000070ce00000|  0%| F|  |TAMS 0x000000070cc00000, 0x000000070cc00000| Untracked 
|  26|0x000000070ce00000, 0x000000070ce00000, 0x000000070d000000|  0%| F|  |TAMS 0x000000070ce00000, 0x000000070ce00000| Untracked 
|  27|0x000000070d000000, 0x000000070d000000, 0x000000070d200000|  0%| F|  |TAMS 0x000000070d000000, 0x000000070d000000| Untracked 
|  28|0x000000070d200000, 0x000000070d200000, 0x000000070d400000|  0%| F|  |TAMS 0x000000070d200000, 0x000000070d200000| Untracked 
|  29|0x000000070d400000, 0x000000070d400000, 0x000000070d600000|  0%| F|  |TAMS 0x000000070d400000, 0x000000070d400000| Untracked 
|  30|0x000000070d600000, 0x000000070d600000, 0x000000070d800000|  0%| F|  |TAMS 0x000000070d600000, 0x000000070d600000| Untracked 
|  31|0x000000070d800000, 0x000000070d800000, 0x000000070da00000|  0%| F|  |TAMS 0x000000070d800000, 0x000000070d800000| Untracked 
|  32|0x000000070da00000, 0x000000070da00000, 0x000000070dc00000|  0%| F|  |TAMS 0x000000070da00000, 0x000000070da00000| Untracked 
|  33|0x000000070dc00000, 0x000000070dc00000, 0x000000070de00000|  0%| F|  |TAMS 0x000000070dc00000, 0x000000070dc00000| Untracked 
|  34|0x000000070de00000, 0x000000070de00000, 0x000000070e000000|  0%| F|  |TAMS 0x000000070de00000, 0x000000070de00000| Untracked 
|  35|0x000000070e000000, 0x000000070e000000, 0x000000070e200000|  0%| F|  |TAMS 0x000000070e000000, 0x000000070e000000| Untracked 
|  36|0x000000070e200000, 0x000000070e200000, 0x000000070e400000|  0%| F|  |TAMS 0x000000070e200000, 0x000000070e200000| Untracked 
|  37|0x000000070e400000, 0x000000070e400000, 0x000000070e600000|  0%| F|  |TAMS 0x000000070e400000, 0x000000070e400000| Untracked 
|  38|0x000000070e600000, 0x000000070e600000, 0x000000070e800000|  0%| F|  |TAMS 0x000000070e600000, 0x000000070e600000| Untracked 
|  39|0x000000070e800000, 0x000000070e800000, 0x000000070ea00000|  0%| F|  |TAMS 0x000000070e800000, 0x000000070e800000| Untracked 
|  40|0x000000070ea00000, 0x000000070ea00000, 0x000000070ec00000|  0%| F|  |TAMS 0x000000070ea00000, 0x000000070ea00000| Untracked 
|  41|0x000000070ec00000, 0x000000070ec00000, 0x000000070ee00000|  0%| F|  |TAMS 0x000000070ec00000, 0x000000070ec00000| Untracked 
|  42|0x000000070ee00000, 0x000000070ee00000, 0x000000070f000000|  0%| F|  |TAMS 0x000000070ee00000, 0x000000070ee00000| Untracked 
|  43|0x000000070f000000, 0x000000070f000000, 0x000000070f200000|  0%| F|  |TAMS 0x000000070f000000, 0x000000070f000000| Untracked 
|  44|0x000000070f200000, 0x000000070f200000, 0x000000070f400000|  0%| F|  |TAMS 0x000000070f200000, 0x000000070f200000| Untracked 
|  45|0x000000070f400000, 0x000000070f400000, 0x000000070f600000|  0%| F|  |TAMS 0x000000070f400000, 0x000000070f400000| Untracked 
|  46|0x000000070f600000, 0x000000070f600000, 0x000000070f800000|  0%| F|  |TAMS 0x000000070f600000, 0x000000070f600000| Untracked 
|  47|0x000000070f800000, 0x000000070f9aeeb8, 0x000000070fa00000| 84%| E|  |TAMS 0x000000070f800000, 0x000000070f800000| Complete 
| 122|0x0000000718e00000, 0x0000000719000000, 0x0000000719000000|100%| E|CS|TAMS 0x0000000718e00000, 0x0000000718e00000| Complete 
| 123|0x0000000719000000, 0x0000000719200000, 0x0000000719200000|100%| E|CS|TAMS 0x0000000719000000, 0x0000000719000000| Complete 

Card table byte_map: [0x000001a912fc0000,0x000001a913780000] _byte_map_base: 0x000001a90f773000

Marking Bits (Prev, Next): (CMBitMap*) 0x000001a9060fde10, (CMBitMap*) 0x000001a9060fde50
 Prev Bits: [0x000001a913f40000, 0x000001a917cd8000)
 Next Bits: [0x000001a917ce0000, 0x000001a91ba78000)

Polling page: 0x000001a906150000

Metaspace:

Usage:
  Non-class:     33.84 MB used.
      Class:      5.46 MB used.
       Both:     39.30 MB used.

Virtual space:
  Non-class space:       64.00 MB reserved,      34.12 MB ( 53%) committed,  1 nodes.
      Class space:        1.00 GB reserved,       5.75 MB ( <1%) committed,  1 nodes.
             Both:        1.06 GB reserved,      39.88 MB (  4%) committed. 

Chunk freelists:
   Non-Class:  13.61 MB
       Class:  10.30 MB
        Both:  23.91 MB

MaxMetaspaceSize: unlimited
CompressedClassSpaceSize: 1.00 GB
Initial GC threshold: 21.00 MB
Current GC threshold: 52.75 MB
CDS: on
MetaspaceReclaimPolicy: balanced
 - commit_granule_bytes: 65536.
 - commit_granule_words: 8192.
 - virtual_space_node_default_size: 8388608.
 - enlarge_chunks_in_place: 1.
 - new_chunks_are_fully_committed: 0.
 - uncommit_free_chunks: 1.
 - use_allocation_guard: 0.
 - handle_deallocations: 1.


Internal statistics:

num_allocs_failed_limit: 8.
num_arena_births: 756.
num_arena_deaths: 0.
num_vsnodes_births: 2.
num_vsnodes_deaths: 0.
num_space_committed: 638.
num_space_uncommitted: 0.
num_chunks_returned_to_freelist: 8.
num_chunks_taken_from_freelist: 2313.
num_chunk_merges: 8.
num_chunk_splits: 1538.
num_chunks_enlarged: 1083.
num_inconsistent_stats: 0.

CodeCache: size=49152Kb used=10821Kb max_used=10821Kb free=38330Kb
 bounds [0x000001a90ef20000, 0x000001a90f9c0000, 0x000001a911f20000]
 total_blobs=5516 nmethods=4956 adapters=483
 compilation: enabled
              stopped_count=0, restarted_count=0
 full_count=0

Compilation events (20 events):
Event: 8.313 Thread 0x000001a965981580 nmethod 4946 0x000001a90f9abb10 code [0x000001a90f9abd60, 0x000001a90f9ac538]
Event: 8.314 Thread 0x000001a965981580 4948       1       org.springframework.core.annotation.AnnotatedElementAdapter::hashCode (8 bytes)
Event: 8.314 Thread 0x000001a9651e2ee0 4949       1       org.springframework.core.annotation.AnnotatedElementAdapter::getDeclaredAnnotations (5 bytes)
Event: 8.314 Thread 0x000001a965981580 nmethod 4948 0x000001a90f9aca90 code [0x000001a90f9acc20, 0x000001a90f9acd08]
Event: 8.314 Thread 0x000001a9651e2ee0 nmethod 4949 0x000001a90f9acd90 code [0x000001a90f9acf40, 0x000001a90f9ad0c8]
Event: 8.314 Thread 0x000001a965981580 4950       1       java.beans.PropertyEditorSupport::setSource (6 bytes)
Event: 8.314 Thread 0x000001a965981580 nmethod 4950 0x000001a90f9ad190 code [0x000001a90f9ad320, 0x000001a90f9ad438]
Event: 8.315 Thread 0x000001a965981060 nmethod 4944 0x000001a90f9ad490 code [0x000001a90f9ad800, 0x000001a90f9ae838]
Event: 8.338 Thread 0x000001a965981580 4951       1       org.springframework.beans.factory.annotation.InitDestroyAnnotationBeanPostProcessor$$Lambda$725/0x000001a92048b570::<init> (26 bytes)
Event: 8.338 Thread 0x000001a965981580 nmethod 4951 0x000001a90f9af390 code [0x000001a90f9af520, 0x000001a90f9af778]
Event: 8.339 Thread 0x000001a965981060 4952       1       java.util.ArrayList$Itr::next (66 bytes)
Event: 8.339 Thread 0x000001a965981060 nmethod 4952 0x000001a90f9af810 code [0x000001a90f9af9e0, 0x000001a90f9afd08]
Event: 8.353 Thread 0x000001a965981060 4953   !   1       ch.qos.logback.classic.LoggerContext::getLogger (164 bytes)
Event: 8.354 Thread 0x000001a965981060 nmethod 4953 0x000001a90f9aff10 code [0x000001a90f9b0120, 0x000001a90f9b0618]
Event: 8.381 Thread 0x000001a965981060 4954       1       java.rmi.server.ObjID::equals (46 bytes)
Event: 8.381 Thread 0x000001a965981060 nmethod 4954 0x000001a90f9b0910 code [0x000001a90f9b0ac0, 0x000001a90f9b0ca8]
Event: 8.426 Thread 0x000001a965981580 4955       1       jdk.internal.event.Event::<init> (5 bytes)
Event: 8.426 Thread 0x000001a965981580 nmethod 4955 0x000001a90f9b0d90 code [0x000001a90f9b0f20, 0x000001a90f9b0fd8]
Event: 8.427 Thread 0x000001a9651e2ee0 4956       1       jdk.internal.reflect.ByteVectorImpl::put (27 bytes)
Event: 8.427 Thread 0x000001a9651e2ee0 nmethod 4956 0x000001a90f9b1090 code [0x000001a90f9b1220, 0x000001a90f9b1368]

GC Heap History (16 events):
Event: 0.591 GC heap before
{Heap before GC invocations=0 (full 0):
 garbage-first heap   total 253952K, used 20480K [0x0000000709a00000, 0x0000000800000000)
  region size 2048K, 11 young (22528K), 0 survivors (0K)
 Metaspace       used 6547K, committed 6784K, reserved 1114112K
  class space    used 816K, committed 896K, reserved 1048576K
}
Event: 0.596 GC heap after
{Heap after GC invocations=1 (full 0):
 garbage-first heap   total 253952K, used 7997K [0x0000000709a00000, 0x0000000800000000)
  region size 2048K, 2 young (4096K), 2 survivors (4096K)
 Metaspace       used 6547K, committed 6784K, reserved 1114112K
  class space    used 816K, committed 896K, reserved 1048576K
}
Event: 0.815 GC heap before
{Heap before GC invocations=1 (full 0):
 garbage-first heap   total 253952K, used 28477K [0x0000000709a00000, 0x0000000800000000)
  region size 2048K, 13 young (26624K), 2 survivors (4096K)
 Metaspace       used 8971K, committed 9216K, reserved 1114112K
  class space    used 1101K, committed 1216K, reserved 1048576K
}
Event: 0.822 GC heap after
{Heap after GC invocations=2 (full 0):
 garbage-first heap   total 253952K, used 17265K [0x0000000709a00000, 0x0000000800000000)
  region size 2048K, 2 young (4096K), 2 survivors (4096K)
 Metaspace       used 8971K, committed 9216K, reserved 1114112K
  class space    used 1101K, committed 1216K, reserved 1048576K
}
Event: 1.257 GC heap before
{Heap before GC invocations=2 (full 0):
 garbage-first heap   total 253952K, used 50033K [0x0000000709a00000, 0x0000000800000000)
  region size 2048K, 18 young (36864K), 2 survivors (4096K)
 Metaspace       used 15794K, committed 16192K, reserved 1114112K
  class space    used 2065K, committed 2240K, reserved 1048576K
}
Event: 1.261 GC heap after
{Heap after GC invocations=3 (full 0):
 garbage-first heap   total 253952K, used 21202K [0x0000000709a00000, 0x0000000800000000)
  region size 2048K, 2 young (4096K), 2 survivors (4096K)
 Metaspace       used 15794K, committed 16192K, reserved 1114112K
  class space    used 2065K, committed 2240K, reserved 1048576K
}
Event: 5.252 GC heap before
{Heap before GC invocations=3 (full 0):
 garbage-first heap   total 253952K, used 53970K [0x0000000709a00000, 0x0000000800000000)
  region size 2048K, 19 young (38912K), 2 survivors (4096K)
 Metaspace       used 21167K, committed 21568K, reserved 1114112K
  class space    used 2839K, committed 3008K, reserved 1048576K
}
Event: 5.256 GC heap after
{Heap after GC invocations=4 (full 0):
 garbage-first heap   total 253952K, used 22742K [0x0000000709a00000, 0x0000000800000000)
  region size 2048K, 3 young (6144K), 3 survivors (6144K)
 Metaspace       used 21167K, committed 21568K, reserved 1114112K
  class space    used 2839K, committed 3008K, reserved 1048576K
}
Event: 5.858 GC heap before
{Heap before GC invocations=5 (full 0):
 garbage-first heap   total 96256K, used 78038K [0x0000000709a00000, 0x0000000800000000)
  region size 2048K, 32 young (65536K), 3 survivors (6144K)
 Metaspace       used 27733K, committed 28224K, reserved 1114112K
  class space    used 3701K, committed 3904K, reserved 1048576K
}
Event: 5.867 GC heap after
{Heap after GC invocations=6 (full 0):
 garbage-first heap   total 96256K, used 26199K [0x0000000709a00000, 0x0000000800000000)
  region size 2048K, 4 young (8192K), 4 survivors (8192K)
 Metaspace       used 27733K, committed 28224K, reserved 1114112K
  class space    used 3701K, committed 3904K, reserved 1048576K
}
Event: 5.891 GC heap before
{Heap before GC invocations=6 (full 0):
 garbage-first heap   total 96256K, used 28247K [0x0000000709a00000, 0x0000000800000000)
  region size 2048K, 5 young (10240K), 4 survivors (8192K)
 Metaspace       used 27891K, committed 28352K, reserved 1114112K
  class space    used 3719K, committed 3904K, reserved 1048576K
}
Event: 5.901 GC heap after
{Heap after GC invocations=7 (full 0):
 garbage-first heap   total 96256K, used 23739K [0x0000000709a00000, 0x0000000800000000)
  region size 2048K, 1 young (2048K), 1 survivors (2048K)
 Metaspace       used 27891K, committed 28352K, reserved 1114112K
  class space    used 3719K, committed 3904K, reserved 1048576K
}
Event: 6.663 GC heap before
{Heap before GC invocations=7 (full 0):
 garbage-first heap   total 96256K, used 66747K [0x0000000709a00000, 0x0000000800000000)
  region size 2048K, 22 young (45056K), 1 survivors (2048K)
 Metaspace       used 31765K, committed 32256K, reserved 1114112K
  class space    used 4313K, committed 4544K, reserved 1048576K
}
Event: 6.671 GC heap after
{Heap after GC invocations=8 (full 0):
 garbage-first heap   total 192512K, used 25335K [0x0000000709a00000, 0x0000000800000000)
  region size 2048K, 2 young (4096K), 2 survivors (4096K)
 Metaspace       used 31765K, committed 32256K, reserved 1114112K
  class space    used 4313K, committed 4544K, reserved 1048576K
}
Event: 8.341 GC heap before
{Heap before GC invocations=9 (full 0):
 garbage-first heap   total 102400K, used 82679K [0x0000000709a00000, 0x0000000800000000)
  region size 2048K, 30 young (61440K), 2 survivors (4096K)
 Metaspace       used 39363K, committed 39936K, reserved 1114112K
  class space    used 5418K, committed 5696K, reserved 1048576K
}
Event: 8.347 GC heap after
{Heap after GC invocations=10 (full 0):
 garbage-first heap   total 102400K, used 29872K [0x0000000709a00000, 0x0000000800000000)
  region size 2048K, 4 young (8192K), 4 survivors (8192K)
 Metaspace       used 39363K, committed 39936K, reserved 1114112K
  class space    used 5418K, committed 5696K, reserved 1048576K
}

Deoptimization events (0 events):
No events

Classes unloaded (0 events):
No events

Classes redefined (0 events):
No events

Internal exceptions (20 events):
Event: 7.080 Thread 0x000001a906093130 Exception <a 'java/lang/NoSuchMethodError'{0x000000070f1a3268}: 'void java.lang.invoke.DirectMethodHandle$Holder.invokeStatic(java.lang.Object, int, java.lang.Object)'> (0x000000070f1a3268) 
thrown [s\open\src\hotspot\share\interpreter\linkResolver.cpp, line 759]
Event: 7.409 Thread 0x000001a906093130 Exception <a 'java/io/FileNotFoundException'{0x000000070e9ff140}> (0x000000070e9ff140) 
thrown [s\open\src\hotspot\share\prims\jni.cpp, line 516]
Event: 7.520 Thread 0x000001a906093130 Exception <a 'java/lang/NoSuchMethodError'{0x000000070e2c1510}: 'int java.lang.invoke.DirectMethodHandle$Holder.invokeInterface(java.lang.Object, java.lang.Object, java.lang.Object, java.lang.Object)'> (0x000000070e2c1510) 
thrown [s\open\src\hotspot\share\interpreter\linkResolver.cpp, line 759]
Event: 7.587 Thread 0x000001a906093130 Exception <a 'java/lang/NoSuchMethodError'{0x000000070e0ac598}: 'java.lang.Object java.lang.invoke.DirectMethodHandle$Holder.invokeStaticInit(java.lang.Object, java.lang.Object, java.lang.Object, java.lang.Object)'> (0x000000070e0ac598) 
thrown [s\open\src\hotspot\share\interpreter\linkResolver.cpp, line 759]
Event: 7.590 Thread 0x000001a906093130 Exception <a 'java/lang/IncompatibleClassChangeError'{0x000000070e0bf7b8}: Found class java.lang.Object, but interface was expected> (0x000000070e0bf7b8) 
thrown [s\open\src\hotspot\share\interpreter\linkResolver.cpp, line 826]
Event: 7.591 Thread 0x000001a906093130 Exception <a 'java/lang/IncompatibleClassChangeError'{0x000000070e0cd348}: Found class java.lang.Object, but interface was expected> (0x000000070e0cd348) 
thrown [s\open\src\hotspot\share\interpreter\linkResolver.cpp, line 826]
Event: 7.595 Thread 0x000001a906093130 Exception <a 'java/lang/IncompatibleClassChangeError'{0x000000070e0fcb88}: Found class java.lang.Object, but interface was expected> (0x000000070e0fcb88) 
thrown [s\open\src\hotspot\share\interpreter\linkResolver.cpp, line 826]
Event: 7.741 Thread 0x000001a906093130 Exception <a 'java/lang/NoSuchMethodError'{0x000000070da95928}: 'int java.lang.invoke.DirectMethodHandle$Holder.invokeStaticInit(java.lang.Object, int, java.lang.Object, java.lang.Object, java.lang.Object, java.lang.Object)'> (0x000000070da95928) 
thrown [s\open\src\hotspot\share\interpreter\linkResolver.cpp, line 759]
Event: 7.756 Thread 0x000001a906093130 Exception <a 'java/lang/NoSuchMethodError'{0x000000070db50888}: 'java.lang.Object java.lang.invoke.DirectMethodHandle$Holder.invokeStatic(java.lang.Object, java.lang.Object, int, java.lang.Object)'> (0x000000070db50888) 
thrown [s\open\src\hotspot\share\interpreter\linkResolver.cpp, line 759]
Event: 7.756 Thread 0x000001a906093130 Exception <a 'java/lang/NoSuchMethodError'{0x000000070db57900}: 'java.lang.Object java.lang.invoke.DirectMethodHandle$Holder.newInvokeSpecial(java.lang.Object, java.lang.Object, int)'> (0x000000070db57900) 
thrown [s\open\src\hotspot\share\interpreter\linkResolver.cpp, line 759]
Event: 7.851 Thread 0x000001a906093130 Exception <a 'java/lang/NoSuchMethodError'{0x000000070d73a480}: 'long java.lang.invoke.DirectMethodHandle$Holder.invokeVirtual(java.lang.Object, java.lang.Object)'> (0x000000070d73a480) 
thrown [s\open\src\hotspot\share\interpreter\linkResolver.cpp, line 759]
Event: 7.893 Thread 0x000001a906093130 Exception <a 'java/lang/NoSuchMethodError'{0x000000070d4f7020}: 'void java.lang.invoke.DirectMethodHandle$Holder.invokeVirtual(java.lang.Object, java.lang.Object, long)'> (0x000000070d4f7020) 
thrown [s\open\src\hotspot\share\interpreter\linkResolver.cpp, line 759]
Event: 7.950 Thread 0x000001a906093130 Exception <a 'java/lang/NoSuchMethodError'{0x000000070d340118}: 'java.lang.Object java.lang.invoke.DirectMethodHandle$Holder.invokeStatic(java.lang.Object, long, java.lang.Object)'> (0x000000070d340118) 
thrown [s\open\src\hotspot\share\interpreter\linkResolver.cpp, line 759]
Event: 7.952 Thread 0x000001a906093130 Exception <a 'java/lang/IncompatibleClassChangeError'{0x000000070d34feb0}: Found class java.lang.Object, but interface was expected> (0x000000070d34feb0) 
thrown [s\open\src\hotspot\share\interpreter\linkResolver.cpp, line 826]
Event: 8.078 Thread 0x000001a906093130 Exception <a 'java/lang/NoSuchMethodError'{0x000000070cc4fff8}: 'java.lang.Object java.lang.invoke.DirectMethodHandle$Holder.invokeVirtual(java.lang.Object, java.lang.Object, java.lang.Object, java.lang.Object)'> (0x000000070cc4fff8) 
thrown [s\open\src\hotspot\share\interpreter\linkResolver.cpp, line 759]
Event: 8.138 Thread 0x000001a906093130 Exception <a 'sun/nio/fs/WindowsException'{0x000000070c633fa0}> (0x000000070c633fa0) 
thrown [s\open\src\hotspot\share\prims\jni.cpp, line 516]
Event: 8.157 Thread 0x000001a906093130 Exception <a 'java/lang/NoSuchMethodError'{0x000000070c6ced90}: 'java.lang.Object java.lang.invoke.DirectMethodHandle$Holder.invokeVirtual(java.lang.Object, java.lang.Object, java.lang.Object, int)'> (0x000000070c6ced90) 
thrown [s\open\src\hotspot\share\interpreter\linkResolver.cpp, line 759]
Event: 8.228 Thread 0x000001a906093130 Exception <a 'java/lang/NoSuchMethodError'{0x000000070c4159a8}: 'void java.lang.invoke.DirectMethodHandle$Holder.invokeSpecialIFC(java.lang.Object, java.lang.Object, java.lang.Object, java.lang.Object)'> (0x000000070c4159a8) 
thrown [s\open\src\hotspot\share\interpreter\linkResolver.cpp, line 759]
Event: 8.236 Thread 0x000001a906093130 Exception <a 'java/lang/NoSuchMethodError'{0x000000070c45c0d0}: 'java.lang.Object java.lang.invoke.DirectMethodHandle$Holder.invokeVirtual(java.lang.Object, java.lang.Object, int)'> (0x000000070c45c0d0) 
thrown [s\open\src\hotspot\share\interpreter\linkResolver.cpp, line 759]
Event: 8.319 Thread 0x000001a906093130 Exception <a 'java/lang/IncompatibleClassChangeError'{0x000000070c3409c0}: Found class java.lang.Object, but interface was expected> (0x000000070c3409c0) 
thrown [s\open\src\hotspot\share\interpreter\linkResolver.cpp, line 826]

VM Operations (20 events):
Event: 7.747 Executing VM operation: Cleanup
Event: 7.747 Executing VM operation: Cleanup done
Event: 7.751 Executing VM operation: HandshakeAllThreads
Event: 7.751 Executing VM operation: HandshakeAllThreads done
Event: 7.816 Executing VM operation: HandshakeAllThreads
Event: 7.816 Executing VM operation: HandshakeAllThreads done
Event: 7.865 Executing VM operation: HandshakeAllThreads
Event: 7.865 Executing VM operation: HandshakeAllThreads done
Event: 8.294 Executing VM operation: HandshakeAllThreads
Event: 8.294 Executing VM operation: HandshakeAllThreads done
Event: 8.295 Executing VM operation: HandshakeAllThreads
Event: 8.295 Executing VM operation: HandshakeAllThreads done
Event: 8.328 Executing VM operation: HandshakeAllThreads
Event: 8.328 Executing VM operation: HandshakeAllThreads done
Event: 8.332 Executing VM operation: HandshakeAllThreads
Event: 8.332 Executing VM operation: HandshakeAllThreads done
Event: 8.341 Executing VM operation: G1CollectForAllocation
Event: 8.347 Executing VM operation: G1CollectForAllocation done
Event: 8.352 Executing VM operation: HandshakeAllThreads
Event: 8.352 Executing VM operation: HandshakeAllThreads done

Events (20 events):
Event: 7.975 loading class sun/reflect/annotation/TypeAnnotation$TypeAnnotationTargetInfo
Event: 7.975 loading class sun/reflect/annotation/TypeAnnotation$TypeAnnotationTargetInfo done
Event: 8.156 loading class java/util/EnumMap$EntrySet
Event: 8.156 loading class java/util/EnumMap$EntrySet done
Event: 8.156 loading class java/util/EnumMap$EntryIterator
Event: 8.157 loading class java/util/EnumMap$EnumMapIterator
Event: 8.157 loading class java/util/EnumMap$EnumMapIterator done
Event: 8.157 loading class java/util/EnumMap$EntryIterator done
Event: 8.218 Thread 0x000001a965d8fc60 Thread added: 0x000001a965d8fc60
Event: 8.222 Thread 0x000001a965d8fc60 Thread exited: 0x000001a965d8fc60
Event: 8.274 loading class java/util/regex/PatternSyntaxException
Event: 8.274 loading class java/util/regex/PatternSyntaxException done
Event: 8.280 loading class java/util/Comparators$NullComparator
Event: 8.280 loading class java/util/Comparators$NullComparator done
Event: 8.331 loading class java/util/ArrayList$ListItr
Event: 8.331 loading class java/util/ArrayList$ListItr done
Event: 8.354 loading class java/util/concurrent/CancellationException
Event: 8.354 loading class java/util/concurrent/CancellationException done
Event: 8.485 loading class java/util/concurrent/Flow$Publisher
Event: 8.485 loading class java/util/concurrent/Flow$Publisher done


Dynamic libraries:
0x00007ff73d680000 - 0x00007ff73d690000 	C:\Program Files\Java\jdk-17\bin\java.exe
0x00007ffdca540000 - 0x00007ffdca7a7000 	C:\WINDOWS\SYSTEM32\ntdll.dll
0x00007ffdc8940000 - 0x00007ffdc8a09000 	C:\WINDOWS\System32\KERNEL32.DLL
0x00007ffdc7e30000 - 0x00007ffdc8221000 	C:\WINDOWS\System32\KERNELBASE.dll
0x00007ffdc6f70000 - 0x00007ffdc70bb000 	C:\WINDOWS\System32\ucrtbase.dll
0x00007ffd81a30000 - 0x00007ffd81a49000 	C:\Program Files\Java\jdk-17\bin\jli.dll
0x00007ffd817b0000 - 0x00007ffd817cb000 	C:\Program Files\Java\jdk-17\bin\VCRUNTIME140.dll
0x00007ffdca440000 - 0x00007ffdca4fb000 	C:\WINDOWS\System32\ADVAPI32.dll
0x00007ffdc95e0000 - 0x00007ffdc9689000 	C:\WINDOWS\System32\msvcrt.dll
0x00007ffdc8890000 - 0x00007ffdc8937000 	C:\WINDOWS\System32\sechost.dll
0x00007ffdc8ee0000 - 0x00007ffdc8ff8000 	C:\WINDOWS\System32\RPCRT4.dll
0x00007ffdc8d10000 - 0x00007ffdc8ed5000 	C:\WINDOWS\System32\USER32.dll
0x00007ffdabeb0000 - 0x00007ffdac143000 	C:\WINDOWS\WinSxS\amd64_microsoft.windows.common-controls_6595b64144ccf1df_6.0.26100.8037_none_3e092faae333b53b\COMCTL32.dll
0x00007ffdc7360000 - 0x00007ffdc7387000 	C:\WINDOWS\System32\win32u.dll
0x00007ffdc9000000 - 0x00007ffdc902b000 	C:\WINDOWS\System32\GDI32.dll
0x00007ffdc70c0000 - 0x00007ffdc71eb000 	C:\WINDOWS\System32\gdi32full.dll
0x00007ffdc7d80000 - 0x00007ffdc7e23000 	C:\WINDOWS\System32\msvcp_win.dll
0x00007ffdba6f0000 - 0x00007ffdba6fb000 	C:\WINDOWS\SYSTEM32\VERSION.dll
0x00007ffdc8a70000 - 0x00007ffdc8aa1000 	C:\WINDOWS\System32\IMM32.DLL
0x00007ffdbe560000 - 0x00007ffdbe56c000 	C:\Program Files\Java\jdk-17\bin\vcruntime140_1.dll
0x00007ffd80b70000 - 0x00007ffd80bfe000 	C:\Program Files\Java\jdk-17\bin\msvcp140.dll
0x00007ffd0d660000 - 0x00007ffd0e240000 	C:\Program Files\Java\jdk-17\bin\server\jvm.dll
0x00007ffdc9110000 - 0x00007ffdc9118000 	C:\WINDOWS\System32\PSAPI.DLL
0x00007ffd9af90000 - 0x00007ffd9af9a000 	C:\WINDOWS\SYSTEM32\WSOCK32.dll
0x00007ffdc84b0000 - 0x00007ffdc8524000 	C:\WINDOWS\System32\WS2_32.dll
0x00007ffdbae20000 - 0x00007ffdbae55000 	C:\WINDOWS\SYSTEM32\WINMM.dll
0x00007ffdc5b70000 - 0x00007ffdc5b8b000 	C:\WINDOWS\SYSTEM32\kernel.appcore.dll
0x00007ffd97b20000 - 0x00007ffd97b2a000 	C:\Program Files\Java\jdk-17\bin\jimage.dll
0x00007ffdc4d10000 - 0x00007ffdc4f52000 	C:\WINDOWS\SYSTEM32\DBGHELP.DLL
0x00007ffdc9fb0000 - 0x00007ffdca332000 	C:\WINDOWS\System32\combase.dll
0x00007ffdc9030000 - 0x00007ffdc9107000 	C:\WINDOWS\System32\OLEAUT32.dll
0x00007ffd978d0000 - 0x00007ffd9790b000 	C:\WINDOWS\SYSTEM32\dbgcore.DLL
0x00007ffdc8230000 - 0x00007ffdc82d5000 	C:\WINDOWS\System32\bcryptPrimitives.dll
0x00007ffd95ec0000 - 0x00007ffd95ece000 	C:\Program Files\Java\jdk-17\bin\instrument.dll
0x00007ffd81320000 - 0x00007ffd81345000 	C:\Program Files\Java\jdk-17\bin\java.dll
0x00007ffd80a90000 - 0x00007ffd80b67000 	C:\Program Files\Java\jdk-17\bin\jsvml.dll
0x00007ffdc96a0000 - 0x00007ffdc9dff000 	C:\WINDOWS\System32\SHELL32.dll
0x00007ffdc71f0000 - 0x00007ffdc735a000 	C:\WINDOWS\System32\wintypes.dll
0x00007ffdc7390000 - 0x00007ffdc7bf4000 	C:\WINDOWS\System32\windows.storage.dll
0x00007ffdc8680000 - 0x00007ffdc8777000 	C:\WINDOWS\System32\SHCORE.dll
0x00007ffdc8440000 - 0x00007ffdc84a7000 	C:\WINDOWS\System32\shlwapi.dll
0x00007ffdc6d40000 - 0x00007ffdc6d69000 	C:\WINDOWS\SYSTEM32\profapi.dll
0x00007ffd81040000 - 0x00007ffd81058000 	C:\Program Files\Java\jdk-17\bin\zip.dll
0x00007ffd81080000 - 0x00007ffd81099000 	C:\Program Files\Java\jdk-17\bin\net.dll
0x00007ffdbe680000 - 0x00007ffdbe7a7000 	C:\WINDOWS\SYSTEM32\WINHTTP.dll
0x00007ffdc60c0000 - 0x00007ffdc612b000 	C:\WINDOWS\system32\mswsock.dll
0x00007ffd81060000 - 0x00007ffd81076000 	C:\Program Files\Java\jdk-17\bin\nio.dll
0x00007ffdc55f0000 - 0x00007ffdc571a000 	C:\WINDOWS\SYSTEM32\DNSAPI.dll
0x00007ffdc5560000 - 0x00007ffdc5593000 	C:\WINDOWS\SYSTEM32\IPHLPAPI.DLL
0x00007ffdc8670000 - 0x00007ffdc867a000 	C:\WINDOWS\System32\NSI.dll
0x00007ffdbe4f0000 - 0x00007ffdbe4fb000 	C:\Windows\System32\rasadhlp.dll
0x00007ffdbed90000 - 0x00007ffdbee16000 	C:\WINDOWS\System32\fwpuclnt.dll
0x00007ffd95bd0000 - 0x00007ffd95bda000 	C:\Program Files\Java\jdk-17\bin\management.dll
0x00007ffd89ad0000 - 0x00007ffd89adb000 	C:\Program Files\Java\jdk-17\bin\management_ext.dll
0x00007ffdc64c0000 - 0x00007ffdc64db000 	C:\WINDOWS\SYSTEM32\CRYPTSP.dll
0x00007ffdc5ad0000 - 0x00007ffdc5b09000 	C:\WINDOWS\system32\rsaenh.dll
0x00007ffdc6170000 - 0x00007ffdc61a2000 	C:\WINDOWS\SYSTEM32\USERENV.dll
0x00007ffdc6d10000 - 0x00007ffdc6d3a000 	C:\WINDOWS\SYSTEM32\bcrypt.dll
0x00007ffdc6320000 - 0x00007ffdc632c000 	C:\WINDOWS\SYSTEM32\CRYPTBASE.dll
0x00007ffdbe7e0000 - 0x00007ffdbe7fd000 	C:\WINDOWS\SYSTEM32\dhcpcsvc6.DLL
0x00007ffdbe7b0000 - 0x00007ffdbe7d3000 	C:\WINDOWS\SYSTEM32\dhcpcsvc.DLL
0x00007ffd51510000 - 0x00007ffd51528000 	C:\WINDOWS\system32\napinsp.dll
0x00007ffd51680000 - 0x00007ffd51692000 	C:\WINDOWS\System32\winrnr.dll
0x00007ffd51530000 - 0x00007ffd51552000 	C:\WINDOWS\system32\nlansp_c.dll
0x00007ffdb4650000 - 0x00007ffdb4666000 	C:\WINDOWS\system32\wshbth.dll
0x00007ffd9b290000 - 0x00007ffd9b2e6000 	C:\WINDOWS\SYSTEM32\pdh.dll
0x00007ffdac780000 - 0x00007ffdac792000 	C:\WINDOWS\System32\perfproc.dll
0x00007ffdac760000 - 0x00007ffdac771000 	C:\WINDOWS\System32\perfos.dll
0x00007ffdc5250000 - 0x00007ffdc5262000 	C:\WINDOWS\SYSTEM32\pfclient.dll
0x00007ffd82590000 - 0x00007ffd8259e000 	C:\Program Files\Java\jdk-17\bin\sunmscapi.dll
0x00007ffdc7c00000 - 0x00007ffdc7d77000 	C:\WINDOWS\System32\CRYPT32.dll
0x00007ffdc6620000 - 0x00007ffdc6650000 	C:\WINDOWS\SYSTEM32\ncrypt.dll
0x00007ffdc65d0000 - 0x00007ffdc660f000 	C:\WINDOWS\SYSTEM32\NTASN1.dll

dbghelp: loaded successfully - version: 4.0.5 - missing functions: none
symbol engine: initialized successfully - sym options: 0x614 - pdb path: .;C:\Program Files\Java\jdk-17\bin;C:\WINDOWS\SYSTEM32;C:\WINDOWS\WinSxS\amd64_microsoft.windows.common-controls_6595b64144ccf1df_6.0.26100.8037_none_3e092faae333b53b;C:\Program Files\Java\jdk-17\bin\server

VM Arguments:
jvm_args: -XX:TieredStopAtLevel=1 -Dspring.output.ansi.enabled=always -Dcom.sun.management.jmxremote -Dspring.jmx.enabled=true -Dspring.liveBeansView.mbeanDomain -Dspring.application.admin.enabled=true -Dmanagement.endpoints.jmx.exposure.include=* -javaagent:C:\Program Files\JetBrains\IntelliJ IDEA 2025.3.4\lib\idea_rt.jar=55440 -Dfile.encoding=UTF-8 
java_command: com.bankingservice.customer_service.CustomerServiceApplication
java_class_path (initial): C:\Users\sudhe\OneDrive\Documents\project\banking-application\customer-service\target\classes;C:\Users\sudhe\.m2\repository\org\springframework\boot\spring-boot-starter-actuator\4.0.4\spring-boot-starter-actuator-4.0.4.jar;C:\Users\sudhe\.m2\repository\org\springframework\boot\spring-boot-starter\4.0.4\spring-boot-starter-4.0.4.jar;C:\Users\sudhe\.m2\repository\org\springframework\boot\spring-boot-starter-logging\4.0.4\spring-boot-starter-logging-4.0.4.jar;C:\Users\sudhe\.m2\repository\ch\qos\logback\logback-classic\1.5.32\logback-classic-1.5.32.jar;C:\Users\sudhe\.m2\repository\ch\qos\logback\logback-core\1.5.32\logback-core-1.5.32.jar;C:\Users\sudhe\.m2\repository\org\apache\logging\log4j\log4j-to-slf4j\2.25.3\log4j-to-slf4j-2.25.3.jar;C:\Users\sudhe\.m2\repository\org\apache\logging\log4j\log4j-api\2.25.3\log4j-api-2.25.3.jar;C:\Users\sudhe\.m2\repository\org\slf4j\jul-to-slf4j\2.0.17\jul-to-slf4j-2.0.17.jar;C:\Users\sudhe\.m2\repository\org\springframework\boot\spring-boot-autoconfigure\4.0.4\spring-boot-autoconfigure-4.0.4.jar;C:\Users\sudhe\.m2\repository\jakarta\annotation\jakarta.annotation-api\3.0.0\jakarta.annotation-api-3.0.0.jar;C:\Users\sudhe\.m2\repository\org\yaml\snakeyaml\2.5\snakeyaml-2.5.jar;C:\Users\sudhe\.m2\repository\org\springframework\boot\spring-boot-starter-micrometer-metrics\4.0.4\spring-boot-starter-micrometer-metrics-4.0.4.jar;C:\Users\sudhe\.m2\repository\org\springframework\boot\spring-boot-micrometer-metrics\4.0.4\spring-boot-micrometer-metrics-4.0.4.jar;C:\Users\sudhe\.m2\repository\org\springframework\boot\spring-boot-micrometer-observation\4.0.4\spring-boot-micrometer-observation-4.0.4.jar;C:\Users\sudhe\.m2\repository\org\springframework\boot\spring-boot-actuator-autoconfigure\4.0.4\spring-boot-actuator-autoconfigure-4.0.4.jar;C:\Users\sudhe\.m2\repository\org\springframework\boot\spring-boot-actuator\4.0.4\spring-boot-actuator-4.0.4.jar;C:\Users\sudhe\.m2\repository\org\springframework\boot\spring-bo
Launcher Type: SUN_STANDARD

[Global flags]
     intx CICompilerCount                          = 4                                         {product} {ergonomic}
     uint ConcGCThreads                            = 2                                         {product} {ergonomic}
     uint G1ConcRefinementThreads                  = 8                                         {product} {ergonomic}
   size_t G1HeapRegionSize                         = 2097152                                   {product} {ergonomic}
    uintx GCDrainStackTargetSize                   = 64                                        {product} {ergonomic}
   size_t InitialHeapSize                          = 260046848                                 {product} {ergonomic}
     bool ManagementServer                         = true                                      {product} {command line}
   size_t MarkStackSize                            = 4194304                                   {product} {ergonomic}
   size_t MaxHeapSize                              = 4133486592                                {product} {ergonomic}
   size_t MaxNewSize                               = 2478833664                                {product} {ergonomic}
   size_t MinHeapDeltaBytes                        = 2097152                                   {product} {ergonomic}
   size_t MinHeapSize                              = 8388608                                   {product} {ergonomic}
    uintx NonProfiledCodeHeapSize                  = 0                                      {pd product} {ergonomic}
     bool ProfileInterpreter                       = false                                  {pd product} {command line}
    uintx ProfiledCodeHeapSize                     = 0                                      {pd product} {ergonomic}
   size_t SoftMaxHeapSize                          = 4133486592                             {manageable} {ergonomic}
     intx TieredStopAtLevel                        = 1                                         {product} {command line}
     bool UseCompressedClassPointers               = true                           {product lp64_product} {ergonomic}
     bool UseCompressedOops                        = true                           {product lp64_product} {ergonomic}
     bool UseG1GC                                  = true                                      {product} {ergonomic}
     bool UseLargePagesIndividualAllocation        = false                                  {pd product} {ergonomic}

Logging:
Log output configuration:
 #0: stdout all=warning uptime,level,tags
 #1: stderr all=off uptime,level,tags

Environment Variables:
PATH=C:\Program Files\Common Files\Oracle\Java\javapath;C:\WINDOWS\system32;C:\WINDOWS;C:\WINDOWS\System32\Wbem;C:\WINDOWS\System32\WindowsPowerShell\v1.0\;C:\WINDOWS\System32\OpenSSH\;C:\Program Files\Docker\Docker\resources\bin;C:\Users\sudhe\AppData\Local\Microsoft\WindowsApps;C:\Users\sudhe\AppData\Local\GitHubDesktop\bin
USERNAME=sudhe
OS=Windows_NT
PROCESSOR_IDENTIFIER=Intel64 Family 6 Model 140 Stepping 1, GenuineIntel



---------------  S Y S T E M  ---------------

OS:
 Windows 11 , 64 bit Build 26100 (10.0.26100.7920)
OS uptime: 0 days 12:18 hours
Hyper-V role detected

CPU: total 8 (initial active 8) (4 cores per cpu, 2 threads per core) family 6 model 140 stepping 1 microcode 0xbe, cx8, cmov, fxsr, ht, mmx, 3dnowpref, sse, sse2, sse3, ssse3, sse4.1, sse4.2, popcnt, lzcnt, tsc, tscinvbit, avx, avx2, aes, erms, clmul, bmi1, bmi2, adx, avx512f, avx512dq, avx512cd, avx512bw, avx512vl, sha, fma, vzeroupper, avx512_vpopcntdq, avx512_vpclmulqdq, avx512_vaes, avx512_vnni, clflush, clflushopt, clwb, avx512_vbmi2, avx512_vbmi, hv

Memory: 4k page, system-wide physical 15761M (1837M free)
TotalPageFile size 21656M (AvailPageFile size 1M)
current process WorkingSet (physical memory assigned to process): 218M, peak: 218M
current process commit charge ("private bytes"): 260M, peak: 380M

vm_info: Java HotSpot(TM) 64-Bit Server VM (17.0.12+8-LTS-286) for windows-amd64 JRE (17.0.12+8-LTS-286), built on Jun  5 2024 06:46:59 by "mach5one" with MS VC++ 17.6 (VS2022)

END.
